# JRE version: OpenJDK Runtime Environment Temurin-17.0.8.1+1 (17.0.8.1+1) (build 17.0.8.1+1)
# Java VM: OpenJDK 64-Bit Server VM Temurin-17.0.8.1+1 (17.0.8.1+1, mixed mode, sharing, tiered, compressed oops, compressed class ptrs, g1 gc, windows-amd64)
GC Precious Log:
 CPUs: 12 total, 12 available
 Memory: 8003M
 Large Page Support: Disabled
 NUMA Support: Disabled
 Compressed Oops: Enabled (32-bit)
 Heap Region Size: 1M
 Heap Min Capacity: 8M
 Heap Initial Capacity: 126M
 Heap Max Capacity: 2002M
 Pre-touch: Disabled
 Parallel Workers: 10
 Concurrent Workers: 3
 Concurrent Refinement Workers: 10
 Periodic GC: Disabled
Heap:
 garbage-first heap   total 125952K, used 63860K [0x0000000082e00000, 0x0000000100000000)
  region size 1024K, 11 young (11264K), 4 survivors (4096K)
 Metaspace       used 37389K, committed 37632K, reserved 1114112K
  class space    used 4240K, committed 4352K, reserved 1048576K
GC Heap History (20 events):
Event: 1.410 GC heap before
{Heap before GC invocations=1 (full 0):
 garbage-first heap   total 129024K, used 34568K [0x0000000082e00000, 0x0000000100000000)
  region size 1024K, 33 young (33792K), 3 survivors (3072K)
 Metaspace       used 9845K, committed 10048K, reserved 1114112K
  class space    used 1185K, committed 1280K, reserved 1048576K
}
Event: 1.420 GC heap after
{Heap after GC invocations=2 (full 0):
 garbage-first heap   total 129024K, used 6191K [0x0000000082e00000, 0x0000000100000000)
  region size 1024K, 3 young (3072K), 3 survivors (3072K)
 Metaspace       used 9845K, committed 10048K, reserved 1114112K
  class space    used 1185K, committed 1280K, reserved 1048576K
}
Event: 3.048 GC heap before
{Heap before GC invocations=2 (full 0):
 garbage-first heap   total 129024K, used 79919K [0x0000000082e00000, 0x0000000100000000)
  region size 1024K, 75 young (76800K), 3 survivors (3072K)
 Metaspace       used 15856K, committed 16000K, reserved 1114112K
  class space    used 1867K, committed 1920K, reserved 1048576K
}
Event: 3.062 GC heap after
{Heap after GC invocations=3 (full 0):
 garbage-first heap   total 129024K, used 13153K [0x0000000082e00000, 0x0000000100000000)
  region size 1024K, 10 young (10240K), 10 survivors (10240K)
 Metaspace       used 15856K, committed 16000K, reserved 1114112K
  class space    used 1867K, committed 1920K, reserved 1048576K
}
Event: 4.328 GC heap before
{Heap before GC invocations=3 (full 0):
 garbage-first heap   total 129024K, used 109409K [0x0000000082e00000, 0x0000000100000000)
  region size 1024K, 73 young (74752K), 10 survivors (10240K)
 Metaspace       used 17630K, committed 17984K, reserved 1114112K
  class space    used 2008K, committed 2176K, reserved 1048576K
}
Event: 4.342 GC heap after
{Heap after GC invocations=4 (full 0):
 garbage-first heap   total 129024K, used 16998K [0x0000000082e00000, 0x0000000100000000)
  region size 1024K, 5 young (5120K), 5 survivors (5120K)
 Metaspace       used 17630K, committed 17984K, reserved 1114112K
  class space    used 2008K, committed 2176K, reserved 1048576K
}
Event: 5.354 GC heap before
{Heap before GC invocations=4 (full 0):
 garbage-first heap   total 129024K, used 50790K [0x0000000082e00000, 0x0000000100000000)
  region size 1024K, 38 young (38912K), 5 survivors (5120K)
 Metaspace       used 21229K, committed 21504K, reserved 1114112K
  class space    used 2460K, committed 2560K, reserved 1048576K
}
Event: 5.359 GC heap after
{Heap after GC invocations=5 (full 0):
 garbage-first heap   total 129024K, used 18146K [0x0000000082e00000, 0x0000000100000000)
  region size 1024K, 6 young (6144K), 6 survivors (6144K)
 Metaspace       used 21229K, committed 21504K, reserved 1114112K
  class space    used 2460K, committed 2560K, reserved 1048576K
}
Event: 6.065 GC heap before
{Heap before GC invocations=6 (full 0):
 garbage-first heap   total 68608K, used 55010K [0x0000000082e00000, 0x0000000100000000)
  region size 1024K, 40 young (40960K), 6 survivors (6144K)
 Metaspace       used 25728K, committed 26048K, reserved 1114112K
  class space    used 2934K, committed 3072K, reserved 1048576K
}
Event: 6.084 GC heap after
{Heap after GC invocations=7 (full 0):
 garbage-first heap   total 74752K, used 32784K [0x0000000082e00000, 0x0000000100000000)
  region size 1024K, 5 young (5120K), 5 survivors (5120K)
 Metaspace       used 25728K, committed 26048K, reserved 1114112K
  class space    used 2934K, committed 3072K, reserved 1048576K
}
Event: 6.119 GC heap before
{Heap before GC invocations=7 (full 0):
 garbage-first heap   total 74752K, used 33808K [0x0000000082e00000, 0x0000000100000000)
  region size 1024K, 6 young (6144K), 5 survivors (5120K)
 Metaspace       used 25858K, committed 26240K, reserved 1114112K
  class space    used 2954K, committed 3136K, reserved 1048576K
}
Event: 6.127 GC heap after
{Heap after GC invocations=8 (full 0):
 garbage-first heap   total 74752K, used 34095K [0x0000000082e00000, 0x0000000100000000)
  region size 1024K, 1 young (1024K), 1 survivors (1024K)
 Metaspace       used 25858K, committed 26240K, reserved 1114112K
  class space    used 2954K, committed 3136K, reserved 1048576K
}
Event: 6.373 GC heap before
{Heap before GC invocations=8 (full 0):
 garbage-first heap   total 74752K, used 54575K [0x0000000082e00000, 0x0000000100000000)
  region size 1024K, 21 young (21504K), 1 survivors (1024K)
 Metaspace       used 26431K, committed 26752K, reserved 1114112K
  class space    used 3002K, committed 3136K, reserved 1048576K
}
Event: 6.379 GC heap after
{Heap after GC invocations=9 (full 0):
 garbage-first heap   total 125952K, used 37376K [0x0000000082e00000, 0x0000000100000000)
  region size 1024K, 3 young (3072K), 3 survivors (3072K)
 Metaspace       used 26431K, committed 26752K, reserved 1114112K
  class space    used 3002K, committed 3136K, reserved 1048576K
}
Event: 8.281 GC heap before
{Heap before GC invocations=10 (full 0):
 garbage-first heap   total 125952K, used 90624K [0x0000000082e00000, 0x0000000100000000)
  region size 1024K, 51 young (52224K), 3 survivors (3072K)
 Metaspace       used 28269K, committed 28608K, reserved 1114112K
  class space    used 3181K, committed 3328K, reserved 1048576K
}
Event: 8.299 GC heap after
{Heap after GC invocations=11 (full 0):
 garbage-first heap   total 125952K, used 51681K [0x0000000082e00000, 0x0000000100000000)
  region size 1024K, 7 young (7168K), 7 survivors (7168K)
 Metaspace       used 28269K, committed 28608K, reserved 1114112K
  class space    used 3181K, committed 3328K, reserved 1048576K
}
Event: 8.867 GC heap before
{Heap before GC invocations=11 (full 0):
 garbage-first heap   total 125952K, used 87521K [0x0000000082e00000, 0x0000000100000000)
  region size 1024K, 42 young (43008K), 7 survivors (7168K)
 Metaspace       used 29392K, committed 29696K, reserved 1114112K
  class space    used 3283K, committed 3456K, reserved 1048576K
}
Event: 8.878 GC heap after
{Heap after GC invocations=12 (full 0):
 garbage-first heap   total 125952K, used 53248K [0x0000000082e00000, 0x0000000100000000)
  region size 1024K, 6 young (6144K), 6 survivors (6144K)
 Metaspace       used 29392K, committed 29696K, reserved 1114112K
  class space    used 3283K, committed 3456K, reserved 1048576K
}
Event: 10.183 GC heap before
{Heap before GC invocations=12 (full 0):
 garbage-first heap   total 125952K, used 89088K [0x0000000082e00000, 0x0000000100000000)
  region size 1024K, 41 young (41984K), 6 survivors (6144K)
 Metaspace       used 36728K, committed 37056K, reserved 1114112K
  class space    used 4176K, committed 4352K, reserved 1048576K
}
Event: 10.192 GC heap after
{Heap after GC invocations=13 (full 0):
 garbage-first heap   total 125952K, used 57716K [0x0000000082e00000, 0x0000000100000000)
  region size 1024K, 4 young (4096K), 4 survivors (4096K)
 Metaspace       used 36728K, committed 37056K, reserved 1114112K
  class space    used 4176K, committed 4352K, reserved 1048576K
}

